2015_07_27 06:00:01 [chimei]	/home/mkao/workplace/hospital_analysis/crawler/chimei/chimei_2015_07_27 start!
2015_07_27 06:01:01 [shinkong]	/home/mkao/workplace/hospital_analysis/crawler/shinkong/shinkong_2015_07_27 start!
2015_07_27 06:02:01 [wanfang]	/home/mkao/workplace/hospital_analysis/crawler/wanfang/wanfang_2015_07_27 start!
2015_07_28 00:35:12 [wanfang]	/home/mkao/workplace/hospital_analysis/crawler/wanfang/wanfang_2015_07_27 is complete
2015_07_28 01:13:13 [chimei]	/home/mkao/workplace/hospital_analysis/crawler/chimei/chimei_2015_07_27 is complete
2015_07_28 01:17:45 [shinkong]	/home/mkao/workplace/hospital_analysis/crawler/shinkong/shinkong_2015_07_27 is complete
2015_07_28 06:00:01 [chimei]	/home/mkao/workplace/hospital_analysis/crawler/chimei/chimei_2015_07_28 start!
2015_07_28 06:01:01 [shinkong]	/home/mkao/workplace/hospital_analysis/crawler/shinkong/shinkong_2015_07_28 start!
2015_07_28 06:02:01 [wanfang]	/home/mkao/workplace/hospital_analysis/crawler/wanfang/wanfang_2015_07_28 start!
2015_07_29 00:36:31 [wanfang]	/home/mkao/workplace/hospital_analysis/crawler/wanfang/wanfang_2015_07_28 is complete
2015_07_29 00:43:05 [shinkong]	/home/mkao/workplace/hospital_analysis/crawler/shinkong/shinkong_2015_07_28 is complete
2015_07_29 01:25:15 [chimei]	/home/mkao/workplace/hospital_analysis/crawler/chimei/chimei_2015_07_28 is complete
2015_07_29 06:00:01 [chimei]	/home/mkao/workplace/hospital_analysis/crawler/chimei/chimei_2015_07_29 start!
2015_07_29 06:01:01 [shinkong]	/home/mkao/workplace/hospital_analysis/crawler/shinkong/shinkong_2015_07_29 start!
2015_07_29 06:02:01 [wanfang]	/home/mkao/workplace/hospital_analysis/crawler/wanfang/wanfang_2015_07_29 start!
2015_07_30 00:09:08 [shinkong]	/home/mkao/workplace/hospital_analysis/crawler/shinkong/shinkong_2015_07_29 is complete
2015_07_30 00:40:09 [wanfang]	/home/mkao/workplace/hospital_analysis/crawler/wanfang/wanfang_2015_07_29 is complete
2015_07_30 01:39:01 [chimei]	/home/mkao/workplace/hospital_analysis/crawler/chimei/chimei_2015_07_29 is complete
2015_07_30 06:00:01 [chimei]	/home/mkao/workplace/hospital_analysis/crawler/chimei/chimei_2015_07_30 start!
2015_07_30 06:01:01 [shinkong]	/home/mkao/workplace/hospital_analysis/crawler/shinkong/shinkong_2015_07_30 start!
2015_07_30 06:02:01 [wanfang]	/home/mkao/workplace/hospital_analysis/crawler/wanfang/wanfang_2015_07_30 start!
2015_07_31 00:40:28 [wanfang]	/home/mkao/workplace/hospital_analysis/crawler/wanfang/wanfang_2015_07_30 is complete
2015_07_31 00:54:34 [shinkong]	/home/mkao/workplace/hospital_analysis/crawler/shinkong/shinkong_2015_07_30 is complete
2015_07_31 01:20:24 [chimei]	/home/mkao/workplace/hospital_analysis/crawler/chimei/chimei_2015_07_30 is complete
2015_07_31 06:00:01 [chimei]	/home/mkao/workplace/hospital_analysis/crawler/chimei/chimei_2015_07_31 start!
2015_07_31 06:01:01 [shinkong]	/home/mkao/workplace/hospital_analysis/crawler/shinkong/shinkong_2015_07_31 start!
2015_07_31 06:02:01 [wanfang]	/home/mkao/workplace/hospital_analysis/crawler/wanfang/wanfang_2015_07_31 start!
2015_08_01 00:34:37 [wanfang]	/home/mkao/workplace/hospital_analysis/crawler/wanfang/wanfang_2015_07_31 is complete
2015_08_01 01:03:36 [shinkong]	/home/mkao/workplace/hospital_analysis/crawler/shinkong/shinkong_2015_07_31 is complete
2015_08_01 01:23:29 [chimei]	/home/mkao/workplace/hospital_analysis/crawler/chimei/chimei_2015_07_31 is complete
2015_08_01 06:00:01 [chimei]	/home/mkao/workplace/hospital_analysis/crawler/chimei/chimei_2015_08_01 start!
2015_08_01 06:01:01 [shinkong]	/home/mkao/workplace/hospital_analysis/crawler/shinkong/shinkong_2015_08_01 start!
2015_08_01 06:02:01 [wanfang]	/home/mkao/workplace/hospital_analysis/crawler/wanfang/wanfang_2015_08_01 start!
2015_08_02 00:14:38 [shinkong]	/home/mkao/workplace/hospital_analysis/crawler/shinkong/shinkong_2015_08_01 is complete
2015_08_02 00:26:20 [wanfang]	/home/mkao/workplace/hospital_analysis/crawler/wanfang/wanfang_2015_08_01 is complete
2015_08_02 01:13:34 [chimei]	/home/mkao/workplace/hospital_analysis/crawler/chimei/chimei_2015_08_01 is complete
2015_08_02 06:00:01 [chimei]	/home/mkao/workplace/hospital_analysis/crawler/chimei/chimei_2015_08_02 start!
2015_08_02 06:01:01 [shinkong]	/home/mkao/workplace/hospital_analysis/crawler/shinkong/shinkong_2015_08_02 start!
2015_08_02 06:02:01 [wanfang]	/home/mkao/workplace/hospital_analysis/crawler/wanfang/wanfang_2015_08_02 start!
2015_08_03 00:15:28 [chimei]	/home/mkao/workplace/hospital_analysis/crawler/chimei/chimei_2015_08_02 is complete
2015_08_03 00:25:40 [wanfang]	/home/mkao/workplace/hospital_analysis/crawler/wanfang/wanfang_2015_08_02 is complete
2015_08_03 01:36:12 [shinkong]	/home/mkao/workplace/hospital_analysis/crawler/shinkong/shinkong_2015_08_02 is complete
2015_08_03 06:00:01 [chimei]	/home/mkao/workplace/hospital_analysis/crawler/chimei/chimei_2015_08_03 start!
2015_08_03 06:01:01 [shinkong]	/home/mkao/workplace/hospital_analysis/crawler/shinkong/shinkong_2015_08_03 start!
2015_08_03 06:02:01 [wanfang]	/home/mkao/workplace/hospital_analysis/crawler/wanfang/wanfang_2015_08_03 start!
2015_08_04 00:31:43 [chimei]	/home/mkao/workplace/hospital_analysis/crawler/chimei/chimei_2015_08_03 is complete
2015_08_04 00:35:15 [wanfang]	/home/mkao/workplace/hospital_analysis/crawler/wanfang/wanfang_2015_08_03 is complete
2015_08_04 01:08:20 [shinkong]	/home/mkao/workplace/hospital_analysis/crawler/shinkong/shinkong_2015_08_03 is complete
2015_08_04 06:00:01 [chimei]	/home/mkao/workplace/hospital_analysis/crawler/chimei/chimei_2015_08_04 start!
2015_08_04 06:01:01 [shinkong]	/home/mkao/workplace/hospital_analysis/crawler/shinkong/shinkong_2015_08_04 start!
2015_08_04 06:02:01 [wanfang]	/home/mkao/workplace/hospital_analysis/crawler/wanfang/wanfang_2015_08_04 start!
2015_08_05 01:07:16 [chimei]	/home/mkao/workplace/hospital_analysis/crawler/chimei/chimei_2015_08_04 is complete
2015_08_05 01:10:39 [shinkong]	/home/mkao/workplace/hospital_analysis/crawler/shinkong/shinkong_2015_08_04 is complete
2015_08_05 06:00:01 [chimei]	/home/mkao/workplace/hospital_analysis/crawler/chimei/chimei_2015_08_05 start!
2015_08_05 06:01:01 [shinkong]	/home/mkao/workplace/hospital_analysis/crawler/shinkong/shinkong_2015_08_05 start!
2015_08_05 06:02:01 [wanfang]	/home/mkao/workplace/hospital_analysis/crawler/wanfang/wanfang_2015_08_05 start!
2015_08_06 00:45:41 [wanfang]	/home/mkao/workplace/hospital_analysis/crawler/wanfang/wanfang_2015_08_05 is complete
2015_08_06 00:54:53 [shinkong]	/home/mkao/workplace/hospital_analysis/crawler/shinkong/shinkong_2015_08_05 is complete
2015_08_06 01:09:28 [chimei]	/home/mkao/workplace/hospital_analysis/crawler/chimei/chimei_2015_08_05 is complete
2015_08_06 06:00:01 [chimei]	/home/mkao/workplace/hospital_analysis/crawler/chimei/chimei_2015_08_06 start!
2015_08_06 06:01:01 [shinkong]	/home/mkao/workplace/hospital_analysis/crawler/shinkong/shinkong_2015_08_06 start!
2015_08_06 06:02:01 [wanfang]	/home/mkao/workplace/hospital_analysis/crawler/wanfang/wanfang_2015_08_06 start!
2015_08_07 00:50:45 [wanfang]	/home/mkao/workplace/hospital_analysis/crawler/wanfang/wanfang_2015_08_06 is complete
2015_08_07 01:38:47 [shinkong]	/home/mkao/workplace/hospital_analysis/crawler/shinkong/shinkong_2015_08_06 is complete
2015_08_07 01:46:18 [chimei]	/home/mkao/workplace/hospital_analysis/crawler/chimei/chimei_2015_08_06 is complete
2015_08_07 06:00:01 [chimei]	/home/mkao/workplace/hospital_analysis/crawler/chimei/chimei_2015_08_07 start!
2015_08_07 06:01:01 [shinkong]	/home/mkao/workplace/hospital_analysis/crawler/shinkong/shinkong_2015_08_07 start!
2015_08_07 06:02:01 [wanfang]	/home/mkao/workplace/hospital_analysis/crawler/wanfang/wanfang_2015_08_07 start!
2015_08_08 00:42:22 [shinkong]	/home/mkao/workplace/hospital_analysis/crawler/shinkong/shinkong_2015_08_07 is complete
2015_08_08 00:49:40 [wanfang]	/home/mkao/workplace/hospital_analysis/crawler/wanfang/wanfang_2015_08_07 is complete
2015_08_08 06:00:02 [chimei]	/home/mkao/workplace/hospital_analysis/crawler/chimei/chimei_2015_08_08 start!
2015_08_08 06:01:02 [shinkong]	/home/mkao/workplace/hospital_analysis/crawler/shinkong/shinkong_2015_08_08 start!
2015_08_08 06:02:02 [wanfang]	/home/mkao/workplace/hospital_analysis/crawler/wanfang/wanfang_2015_08_08 start!
2015_08_09 00:00:38 [wanfang]	/home/mkao/workplace/hospital_analysis/crawler/wanfang/wanfang_2015_08_08 is complete
2015_08_09 01:31:12 [shinkong]	/home/mkao/workplace/hospital_analysis/crawler/shinkong/shinkong_2015_08_08 is complete
2015_08_09 06:00:01 [chimei]	/home/mkao/workplace/hospital_analysis/crawler/chimei/chimei_2015_08_09 start!
2015_08_09 06:01:01 [shinkong]	/home/mkao/workplace/hospital_analysis/crawler/shinkong/shinkong_2015_08_09 start!
2015_08_09 06:02:01 [wanfang]	/home/mkao/workplace/hospital_analysis/crawler/wanfang/wanfang_2015_08_09 start!
2015_08_10 00:45:11 [wanfang]	/home/mkao/workplace/hospital_analysis/crawler/wanfang/wanfang_2015_08_09 is complete
2015_08_10 01:21:43 [shinkong]	/home/mkao/workplace/hospital_analysis/crawler/shinkong/shinkong_2015_08_09 is complete
2015_08_10 01:58:26 [chimei]	/home/mkao/workplace/hospital_analysis/crawler/chimei/chimei_2015_08_09 is complete
2015_08_10 06:00:01 [chimei]	/home/mkao/workplace/hospital_analysis/crawler/chimei/chimei_2015_08_10 start!
2015_08_10 06:01:01 [shinkong]	/home/mkao/workplace/hospital_analysis/crawler/shinkong/shinkong_2015_08_10 start!
2015_08_10 06:02:01 [wanfang]	/home/mkao/workplace/hospital_analysis/crawler/wanfang/wanfang_2015_08_10 start!
2015_08_11 00:49:25 [wanfang]	/home/mkao/workplace/hospital_analysis/crawler/wanfang/wanfang_2015_08_10 is complete
2015_08_11 01:16:13 [chimei]	/home/mkao/workplace/hospital_analysis/crawler/chimei/chimei_2015_08_10 is complete
2015_08_11 01:18:11 [shinkong]	/home/mkao/workplace/hospital_analysis/crawler/shinkong/shinkong_2015_08_10 is complete
2015_08_11 06:00:01 [chimei]	/home/mkao/workplace/hospital_analysis/crawler/chimei/chimei_2015_08_11 start!
2015_08_11 06:01:01 [shinkong]	/home/mkao/workplace/hospital_analysis/crawler/shinkong/shinkong_2015_08_11 start!
2015_08_11 06:02:01 [wanfang]	/home/mkao/workplace/hospital_analysis/crawler/wanfang/wanfang_2015_08_11 start!
2015_08_12 00:51:06 [wanfang]	/home/mkao/workplace/hospital_analysis/crawler/wanfang/wanfang_2015_08_11 is complete
2015_08_12 00:53:38 [shinkong]	/home/mkao/workplace/hospital_analysis/crawler/shinkong/shinkong_2015_08_11 is complete
2015_08_12 01:44:49 [chimei]	/home/mkao/workplace/hospital_analysis/crawler/chimei/chimei_2015_08_11 is complete
2015_08_12 06:00:01 [chimei]	/home/mkao/workplace/hospital_analysis/crawler/chimei/chimei_2015_08_12 start!
2015_08_12 06:01:01 [shinkong]	/home/mkao/workplace/hospital_analysis/crawler/shinkong/shinkong_2015_08_12 start!
2015_08_12 06:02:01 [wanfang]	/home/mkao/workplace/hospital_analysis/crawler/wanfang/wanfang_2015_08_12 start!
2015_08_13 00:01:31 [wanfang]	/home/mkao/workplace/hospital_analysis/crawler/wanfang/wanfang_2015_08_12 is complete
2015_08_13 01:00:05 [shinkong]	/home/mkao/workplace/hospital_analysis/crawler/shinkong/shinkong_2015_08_12 is complete
2015_08_13 01:21:31 [chimei]	/home/mkao/workplace/hospital_analysis/crawler/chimei/chimei_2015_08_12 is complete
2015_08_13 06:00:01 [chimei]	/home/mkao/workplace/hospital_analysis/crawler/chimei/chimei_2015_08_13 start!
2015_08_13 06:01:01 [shinkong]	/home/mkao/workplace/hospital_analysis/crawler/shinkong/shinkong_2015_08_13 start!
2015_08_13 06:02:01 [wanfang]	/home/mkao/workplace/hospital_analysis/crawler/wanfang/wanfang_2015_08_13 start!
2015_08_14 00:50:41 [wanfang]	/home/mkao/workplace/hospital_analysis/crawler/wanfang/wanfang_2015_08_13 is complete
2015_08_14 01:34:41 [chimei]	/home/mkao/workplace/hospital_analysis/crawler/chimei/chimei_2015_08_13 is complete
2015_08_14 01:40:18 [shinkong]	/home/mkao/workplace/hospital_analysis/crawler/shinkong/shinkong_2015_08_13 is complete
2015_08_14 06:00:01 [chimei]	/home/mkao/workplace/hospital_analysis/crawler/chimei/chimei_2015_08_14 start!
2015_08_14 06:01:01 [shinkong]	/home/mkao/workplace/hospital_analysis/crawler/shinkong/shinkong_2015_08_14 start!
2015_08_14 06:02:01 [wanfang]	/home/mkao/workplace/hospital_analysis/crawler/wanfang/wanfang_2015_08_14 start!
2015_08_15 00:44:17 [wanfang]	/home/mkao/workplace/hospital_analysis/crawler/wanfang/wanfang_2015_08_14 is complete
2015_08_15 00:46:01 [chimei]	/home/mkao/workplace/hospital_analysis/crawler/chimei/chimei_2015_08_14 is complete
2015_08_15 00:57:47 [shinkong]	/home/mkao/workplace/hospital_analysis/crawler/shinkong/shinkong_2015_08_14 is complete
2015_08_15 06:00:01 [chimei]	/home/mkao/workplace/hospital_analysis/crawler/chimei/chimei_2015_08_15 start!
2015_08_15 06:01:01 [shinkong]	/home/mkao/workplace/hospital_analysis/crawler/shinkong/shinkong_2015_08_15 start!
2015_08_15 06:02:01 [wanfang]	/home/mkao/workplace/hospital_analysis/crawler/wanfang/wanfang_2015_08_15 start!
2015_08_16 00:36:52 [wanfang]	/home/mkao/workplace/hospital_analysis/crawler/wanfang/wanfang_2015_08_15 is complete
2015_08_16 01:19:15 [shinkong]	/home/mkao/workplace/hospital_analysis/crawler/shinkong/shinkong_2015_08_15 is complete
2015_08_16 01:31:52 [chimei]	/home/mkao/workplace/hospital_analysis/crawler/chimei/chimei_2015_08_15 is complete
2015_08_16 06:00:01 [chimei]	/home/mkao/workplace/hospital_analysis/crawler/chimei/chimei_2015_08_16 start!
2015_08_16 06:01:01 [shinkong]	/home/mkao/workplace/hospital_analysis/crawler/shinkong/shinkong_2015_08_16 start!
2015_08_16 06:02:01 [wanfang]	/home/mkao/workplace/hospital_analysis/crawler/wanfang/wanfang_2015_08_16 start!
2015_08_17 00:17:24 [chimei]	/home/mkao/workplace/hospital_analysis/crawler/chimei/chimei_2015_08_16 is complete
2015_08_17 00:19:50 [shinkong]	/home/mkao/workplace/hospital_analysis/crawler/shinkong/shinkong_2015_08_16 is complete
2015_08_17 00:55:18 [wanfang]	/home/mkao/workplace/hospital_analysis/crawler/wanfang/wanfang_2015_08_16 is complete
2015_08_17 06:00:01 [chimei]	/home/mkao/workplace/hospital_analysis/crawler/chimei/chimei_2015_08_17 start!
2015_08_17 06:01:01 [shinkong]	/home/mkao/workplace/hospital_analysis/crawler/shinkong/shinkong_2015_08_17 start!
2015_08_17 06:02:01 [wanfang]	/home/mkao/workplace/hospital_analysis/crawler/wanfang/wanfang_2015_08_17 start!
2015_08_18 00:36:57 [wanfang]	/home/mkao/workplace/hospital_analysis/crawler/wanfang/wanfang_2015_08_17 is complete
2015_08_18 00:40:35 [shinkong]	/home/mkao/workplace/hospital_analysis/crawler/shinkong/shinkong_2015_08_17 is complete
